{"/Users/azizazizmuradov/Documents/hexletTraning/frontend-project-lvl2/src/gendiff.js": {"path":"/Users/azizazizmuradov/Documents/hexletTraning/frontend-project-lvl2/src/gendiff.js","statementMap":{"0":{"start":{"line":5,"column":30},"end":{"line":29,"column":1}},"1":{"start":{"line":6,"column":23},"end":{"line":6,"column":44}},"2":{"start":{"line":7,"column":24},"end":{"line":7,"column":46}},"3":{"start":{"line":8,"column":22},"end":{"line":8,"column":63}},"4":{"start":{"line":9,"column":20},"end":{"line":9,"column":61}},"5":{"start":{"line":10,"column":25},"end":{"line":10,"column":75}},"6":{"start":{"line":11,"column":17},"end":{"line":27,"column":8}},"7":{"start":{"line":12,"column":22},"end":{"line":12,"column":47}},"8":{"start":{"line":13,"column":20},"end":{"line":13,"column":43}},"9":{"start":{"line":14,"column":20},"end":{"line":14,"column":52}},"10":{"start":{"line":16,"column":4},"end":{"line":25,"column":5}},"11":{"start":{"line":17,"column":6},"end":{"line":17,"column":38}},"12":{"start":{"line":18,"column":11},"end":{"line":25,"column":5}},"13":{"start":{"line":19,"column":6},"end":{"line":19,"column":39}},"14":{"start":{"line":20,"column":11},"end":{"line":25,"column":5}},"15":{"start":{"line":21,"column":6},"end":{"line":21,"column":39}},"16":{"start":{"line":23,"column":6},"end":{"line":23,"column":38}},"17":{"start":{"line":24,"column":6},"end":{"line":24,"column":39}},"18":{"start":{"line":26,"column":4},"end":{"line":26,"column":15}},"19":{"start":{"line":28,"column":2},"end":{"line":28,"column":16}},"20":{"start":{"line":31,"column":16},"end":{"line":40,"column":1}},"21":{"start":{"line":32,"column":28},"end":{"line":32,"column":66}},"22":{"start":{"line":33,"column":29},"end":{"line":33,"column":68}},"23":{"start":{"line":34,"column":24},"end":{"line":34,"column":66}},"24":{"start":{"line":35,"column":25},"end":{"line":35,"column":68}},"25":{"start":{"line":36,"column":19},"end":{"line":36,"column":44}},"26":{"start":{"line":37,"column":20},"end":{"line":37,"column":46}},"27":{"start":{"line":38,"column":24},"end":{"line":38,"column":66}},"28":{"start":{"line":39,"column":2},"end":{"line":39,"column":67}}},"fnMap":{"0":{"name":"(anonymous_0)","decl":{"start":{"line":5,"column":30},"end":{"line":5,"column":31}},"loc":{"start":{"line":5,"column":55},"end":{"line":29,"column":1}},"line":5},"1":{"name":"(anonymous_1)","decl":{"start":{"line":11,"column":39},"end":{"line":11,"column":40}},"loc":{"start":{"line":11,"column":53},"end":{"line":27,"column":3}},"line":11},"2":{"name":"(anonymous_2)","decl":{"start":{"line":31,"column":16},"end":{"line":31,"column":17}},"loc":{"start":{"line":31,"column":43},"end":{"line":40,"column":1}},"line":31}},"branchMap":{"0":{"loc":{"start":{"line":16,"column":4},"end":{"line":25,"column":5}},"type":"if","locations":[{"start":{"line":16,"column":4},"end":{"line":25,"column":5}},{"start":{"line":16,"column":4},"end":{"line":25,"column":5}}],"line":16},"1":{"loc":{"start":{"line":18,"column":11},"end":{"line":25,"column":5}},"type":"if","locations":[{"start":{"line":18,"column":11},"end":{"line":25,"column":5}},{"start":{"line":18,"column":11},"end":{"line":25,"column":5}}],"line":18},"2":{"loc":{"start":{"line":20,"column":11},"end":{"line":25,"column":5}},"type":"if","locations":[{"start":{"line":20,"column":11},"end":{"line":25,"column":5}},{"start":{"line":20,"column":11},"end":{"line":25,"column":5}}],"line":20}},"s":{"0":1,"1":1,"2":1,"3":1,"4":1,"5":1,"6":1,"7":5,"8":5,"9":5,"10":5,"11":2,"12":3,"13":1,"14":2,"15":1,"16":1,"17":1,"18":5,"19":1,"20":1,"21":1,"22":1,"23":1,"24":1,"25":1,"26":1,"27":1,"28":1},"f":{"0":1,"1":5,"2":1},"b":{"0":[2,3],"1":[1,2],"2":[1,1]},"inputSourceMap":null,"_coverageSchema":"1a1c01bbd47fc00a2c39e90264f33305004495a9","hash":"5a46988887bc37994278707f46ce5b5fc487b6c8"}
}
